20220720 10:50:24.234 [restartedMain] INFO  [GogumaApplication:55] - Starting GogumaApplication using Java 1.8.0_332 on DESKTOP-LDG9860 with PID 13164 (C:\Users\Apple\Desktop\팀 프로젝트\Goguma\out\production\classes started by Apple in C:\Users\Apple\Desktop\팀 프로젝트\Goguma) 
20220720 10:50:24.234 [background-preinit] INFO  [Version:21] - HV000001: Hibernate Validator 6.2.3.Final 
20220720 10:50:24.236 [restartedMain] INFO  [GogumaApplication:634] - No active profile set, falling back to 1 default profile: "default" 
20220720 10:50:24.271 [restartedMain] INFO  [DevToolsPropertyDefaultsPostProcessor:255] - Devtools property defaults active! Set 'spring.devtools.add-properties' to 'false' to disable 
20220720 10:50:24.279 [restartedMain] INFO  [DevToolsPropertyDefaultsPostProcessor:255] - For additional web related logging consider setting the 'logging.level.web' property to 'DEBUG' 
20220720 10:50:25.058 [restartedMain] INFO  [RepositoryConfigurationDelegate:132] - Bootstrapping Spring Data JPA repositories in DEFAULT mode. 
20220720 10:50:25.117 [restartedMain] INFO  [RepositoryConfigurationDelegate:201] - Finished Spring Data repository scanning in 53 ms. Found 6 JPA repository interfaces. 
20220720 10:50:25.689 [restartedMain] INFO  [TomcatWebServer:108] - Tomcat initialized with port(s): 8080 (http) 
20220720 10:50:25.696 [restartedMain] INFO  [Http11NioProtocol:173] - Initializing ProtocolHandler ["http-nio-8080"] 
20220720 10:50:25.696 [restartedMain] INFO  [StandardService:173] - Starting service [Tomcat] 
20220720 10:50:25.696 [restartedMain] INFO  [StandardEngine:173] - Starting Servlet engine: [Apache Tomcat/9.0.63] 
20220720 10:50:25.793 [restartedMain] INFO  [[/]:173] - Initializing Spring embedded WebApplicationContext 
20220720 10:50:25.793 [restartedMain] INFO  [ServletWebServerApplicationContext:292] - Root WebApplicationContext: initialization completed in 1514 ms 
20220720 10:50:25.871 [restartedMain] INFO  [HikariDataSource:110] - HikariPool-1 - Starting... 
20220720 10:50:25.962 [restartedMain] INFO  [HikariDataSource:123] - HikariPool-1 - Start completed. 
20220720 10:50:25.971 [restartedMain] INFO  [H2ConsoleAutoConfiguration:87] - H2 console available at '/h2-console'. Database available at 'jdbc:h2:mem:springcoredb' 
20220720 10:50:26.064 [restartedMain] INFO  [LogHelper:31] - HHH000204: Processing PersistenceUnitInfo [name: default] 
20220720 10:50:26.097 [restartedMain] INFO  [Version:44] - HHH000412: Hibernate ORM core version 5.6.9.Final 
20220720 10:50:26.202 [restartedMain] INFO  [Version:56] - HCANN000001: Hibernate Commons Annotations {5.1.2.Final} 
20220720 10:50:26.288 [restartedMain] INFO  [Dialect:175] - HHH000400: Using dialect: org.hibernate.dialect.H2Dialect 
20220720 10:50:26.847 [restartedMain] INFO  [JtaPlatformInitiator:52] - HHH000490: Using JtaPlatform implementation: [org.hibernate.engine.transaction.jta.platform.internal.NoJtaPlatform] 
20220720 10:50:26.854 [restartedMain] INFO  [LocalContainerEntityManagerFactoryBean:437] - Initialized JPA EntityManagerFactory for persistence unit 'default' 
20220720 10:50:27.259 [restartedMain] WARN  [JpaBaseConfiguration$JpaWebConfiguration:219] - spring.jpa.open-in-view is enabled by default. Therefore, database queries may be performed during view rendering. Explicitly configure spring.jpa.open-in-view to disable this warning 
20220720 10:50:28.104 [restartedMain] INFO  [DefaultSecurityFilterChain:55] - Will secure any request with [org.springframework.security.web.session.DisableEncodeUrlFilter@6e81ecd9, org.springframework.security.web.context.request.async.WebAsyncManagerIntegrationFilter@5c196de, org.springframework.security.web.context.SecurityContextPersistenceFilter@41d0ab9f, org.springframework.security.web.header.HeaderWriterFilter@52784582, org.springframework.security.web.authentication.logout.LogoutFilter@225e90b, com.example.goguma.jwt.JwtAuthenticationFilter@6d27ff8b, org.springframework.security.web.savedrequest.RequestCacheAwareFilter@b5137f, org.springframework.security.web.servletapi.SecurityContextHolderAwareRequestFilter@3fe04e7b, org.springframework.security.web.authentication.AnonymousAuthenticationFilter@227ab528, org.springframework.security.web.session.SessionManagementFilter@8ebd78f, org.springframework.security.web.access.ExceptionTranslationFilter@2537553c, org.springframework.security.web.access.intercept.FilterSecurityInterceptor@8354e81] 
20220720 10:50:28.265 [restartedMain] WARN  [ThymeleafAutoConfiguration$DefaultTemplateResolverConfiguration:103] - Cannot find template location: classpath:/static/ (please add some templates or check your Thymeleaf configuration) 
20220720 10:50:28.487 [restartedMain] WARN  [FreeMarkerAutoConfiguration:65] - Cannot find template location(s): [classpath:/templates/] (please add some templates, check your FreeMarker configuration, or set spring.freemarker.checkTemplateLocation=false) 
20220720 10:50:28.524 [restartedMain] INFO  [OptionalLiveReloadServer:58] - LiveReload server is running on port 35729 
20220720 10:50:28.528 [restartedMain] INFO  [EndpointLinksResolver:58] - Exposing 1 endpoint(s) beneath base path '/actuator' 
20220720 10:50:28.572 [restartedMain] INFO  [Http11NioProtocol:173] - Starting ProtocolHandler ["http-nio-8080"] 
20220720 10:50:28.587 [restartedMain] INFO  [TomcatWebServer:220] - Tomcat started on port(s): 8080 (http) with context path '' 
20220720 10:50:28.589 [restartedMain] INFO  [SimpleBrokerMessageHandler:137] - Starting... 
20220720 10:50:28.589 [restartedMain] INFO  [SimpleBrokerMessageHandler:137] - BrokerAvailabilityEvent[available=true, SimpleBrokerMessageHandler [org.springframework.messaging.simp.broker.DefaultSubscriptionRegistry@1c495d57]] 
20220720 10:50:28.589 [restartedMain] INFO  [SimpleBrokerMessageHandler:137] - Started. 
20220720 10:50:28.600 [restartedMain] INFO  [GogumaApplication:61] - Started GogumaApplication in 4.636 seconds (JVM running for 5.377) 
20220720 10:50:28.798 [RMI TCP Connection(3)-121.150.221.116] INFO  [[/]:173] - Initializing Spring DispatcherServlet 'dispatcherServlet' 
20220720 10:50:28.798 [RMI TCP Connection(3)-121.150.221.116] INFO  [DispatcherServlet:525] - Initializing Servlet 'dispatcherServlet' 
20220720 10:50:28.800 [RMI TCP Connection(3)-121.150.221.116] INFO  [DispatcherServlet:547] - Completed initialization in 2 ms 
20220720 10:51:27.983 [MessageBroker-1] INFO  [WebSocketMessageBrokerStats:128] - WebSocketSession[0 current WS(0)-HttpStream(0)-HttpPoll(0), 0 total, 0 closed abnormally (0 connect failure, 0 send limit, 0 transport error)], stompSubProtocol[processed CONNECT(0)-CONNECTED(0)-DISCONNECT(0)], stompBrokerRelay[null], inboundChannel[pool size = 0, active threads = 0, queued tasks = 0, completed tasks = 0], outboundChannel[pool size = 0, active threads = 0, queued tasks = 0, completed tasks = 0], sockJsScheduler[pool size = 1, active threads = 1, queued tasks = 0, completed tasks = 0] 
20220720 10:52:25.160 [SpringApplicationShutdownHook] INFO  [SimpleBrokerMessageHandler:137] - Stopping... 
20220720 10:52:25.161 [SpringApplicationShutdownHook] INFO  [SimpleBrokerMessageHandler:137] - BrokerAvailabilityEvent[available=false, SimpleBrokerMessageHandler [org.springframework.messaging.simp.broker.DefaultSubscriptionRegistry@1c495d57]] 
20220720 10:52:25.161 [SpringApplicationShutdownHook] INFO  [SimpleBrokerMessageHandler:137] - Stopped. 
20220720 10:52:25.218 [SpringApplicationShutdownHook] INFO  [LocalContainerEntityManagerFactoryBean:651] - Closing JPA EntityManagerFactory for persistence unit 'default' 
20220720 10:52:25.577 [SpringApplicationShutdownHook] WARN  [DisposableBeanAdapter:222] - Invocation of destroy method failed on bean with name 'inMemoryDatabaseShutdownExecutor': org.h2.jdbc.JdbcSQLNonTransientConnectionException: Database is already closed (to disable automatic closing at VM shutdown, add ";DB_CLOSE_ON_EXIT=FALSE" to the db URL) [90121-212] 
20220720 10:52:25.578 [SpringApplicationShutdownHook] INFO  [HikariDataSource:350] - HikariPool-1 - Shutdown initiated... 
20220720 10:52:25.729 [SpringApplicationShutdownHook] INFO  [HikariDataSource:352] - HikariPool-1 - Shutdown completed. 
